/bin/bash: [B: command not found

------------------------------------------------------------
Sender: LSF System <lsfadmin@hpc.dtu.dk>
Subject: Job 19545647: <NONAME> in cluster <dcc> Exited

Job <NONAME> was submitted from host <gbarlogin1> by user <s204115> in cluster <dcc> at Sat Nov 25 16:23:24 2023
Job was executed on host(s) <n-62-31-23>, in queue <hpc>, as user <s204115> in cluster <dcc> at Sat Nov 25 16:23:24 2023
</zhome/8a/9/155399> was used as the home directory.
</zhome/8a/9/155399/Programmering/wiki-suggest> was used as the working directory.
Started at Sat Nov 25 16:23:24 2023
Terminated at Sat Nov 25 16:23:26 2023
Results reported at Sat Nov 25 16:23:26 2023

Your job looked like:

------------------------------------------------------------
# LSBATCH: User input
[B
------------------------------------------------------------

Exited with exit code 127.

Resource usage summary:

    CPU time :                                   0.39 sec.
    Max Memory :                                 -
    Average Memory :                             -
    Total Requested Memory :                     1024.00 MB
    Delta Memory :                               -
    Max Swap :                                   -
    Max Processes :                              -
    Max Threads :                                -
    Run time :                                   16 sec.
    Turnaround time :                            2 sec.

The output (if any) is above this job summary.

